<?xml version="1.0" encoding="UTF-8"?>
<testsuite xmlns:xsi="http://www.w3.org/2001/XMLSchema-instance" xsi:noNamespaceSchemaLocation="https://maven.apache.org/surefire/maven-surefire-plugin/xsd/surefire-test-report-3.0.xsd" version="3.0" name="com.example.dao.DataAppTest" time="9.433" tests="5" errors="0" skipped="0" failures="0">
  <properties>
[...]
</properties>
  <testcase name="shouldUpdateUser" classname="com.example.dao.DataAppTest" time="1.208">
    <system-out><![CDATA[21:33:46.442 [main] INFO  org.testcontainers.images.PullPolicy - Image pull policy will be performed by: DefaultPullPolicy()
21:33:46.446 [main] INFO  org.testcontainers.utility.ImageNameSubstitutor - Image name substitution will be performed by: DefaultImageNameSubstitutor (composite of 'ConfigurationFileImageNameSubstitutor' and 'PrefixingImageNameSubstitutor')
21:33:48.222 [main] INFO  org.testcontainers.dockerclient.DockerClientProviderStrategy - Loaded org.testcontainers.dockerclient.NpipeSocketClientProviderStrategy from ~/.testcontainers.properties, will try it first
21:33:48.417 [main] INFO  org.testcontainers.dockerclient.DockerClientProviderStrategy - Found Docker environment with local Npipe socket (npipe:////./pipe/docker_engine)
21:33:48.418 [main] INFO  org.testcontainers.DockerClientFactory - Docker host IP address is localhost
21:33:48.434 [main] INFO  org.testcontainers.DockerClientFactory - Connected to docker: 
  Server Version: 28.5.1
  API Version: 1.51
  Operating System: Docker Desktop
  Total Memory: 7583 MB
21:33:48.513 [main] INFO  tc.testcontainers/ryuk:0.6.0 - Creating container for image: testcontainers/ryuk:0.6.0
21:33:48.814 [main] INFO  tc.testcontainers/ryuk:0.6.0 - Container testcontainers/ryuk:0.6.0 is starting: 1acf100bbc08b437dcf1cf158acf1f8a5e81d31847e436cb08608f7e20d837c9
21:33:49.250 [main] INFO  tc.testcontainers/ryuk:0.6.0 - Container testcontainers/ryuk:0.6.0 started in PT0.7364826S
21:33:49.255 [main] INFO  org.testcontainers.utility.RyukResourceReaper - Ryuk started - will monitor and terminate Testcontainers containers on JVM exit
21:33:49.256 [main] INFO  org.testcontainers.DockerClientFactory - Checking the system...
21:33:49.256 [main] INFO  org.testcontainers.DockerClientFactory - ✔︎ Docker server version should be at least 1.6.0
21:33:49.257 [main] INFO  tc.postgres:17 - Creating container for image: postgres:17
21:33:49.504 [main] INFO  tc.postgres:17 - Container postgres:17 is starting: e387b536ef9e4e3cbfe209f6dc0c74ace10ace956bad11474a9b714504d81cbc
21:33:53.043 [main] INFO  tc.postgres:17 - Container postgres:17 started in PT3.7864171S
21:33:53.044 [main] INFO  tc.postgres:17 - Container is started (JDBC URL: jdbc:postgresql://localhost:60839/testdb?loggerLevel=OFF)
21:33:53.107 [main] INFO  org.hibernate.Version - HHH000412: Hibernate ORM core version 6.4.0.Final
21:33:53.145 [main] INFO  org.hibernate.cache.internal.RegionFactoryInitiator - HHH000026: Second-level cache disabled
21:33:53.225 [main] WARN  org.hibernate.orm.connections.pooling - HHH10001002: Using built-in connection pool (not intended for production use)
21:33:53.227 [main] INFO  org.hibernate.orm.connections.pooling - HHH10001005: Loaded JDBC driver class: org.postgresql.Driver
21:33:53.227 [main] INFO  org.hibernate.orm.connections.pooling - HHH10001012: Connecting with JDBC URL [jdbc:postgresql://localhost:60839/testdb?loggerLevel=OFF]
21:33:53.227 [main] INFO  org.hibernate.orm.connections.pooling - HHH10001001: Connection properties: {password=****, user=test}
21:33:53.228 [main] INFO  org.hibernate.orm.connections.pooling - HHH10001003: Autocommit mode: false
21:33:53.229 [main] INFO  org.hibernate.orm.connections.pooling - HHH10001115: Connection pool size: 20 (min=1)
21:33:53.373 [main] WARN  org.hibernate.orm.deprecation - HHH90000025: PostgreSQLDialect does not need to be specified explicitly using 'hibernate.dialect' (remove the property setting and it will be selected by default)
21:33:54.078 [main] INFO  org.hibernate.engine.transaction.jta.platform.internal.JtaPlatformInitiator - HHH000489: No JTA platform available (set 'hibernate.transaction.jta.platform' to enable JTA platform integration)
21:33:54.090 [main] DEBUG org.hibernate.SQL - drop table if exists users cascade
21:33:54.091 [main] INFO  org.hibernate.orm.connections.access - HHH10001501: Connection obtained from JdbcConnectionAccess [org.hibernate.engine.jdbc.env.internal.JdbcEnvironmentInitiator$ConnectionProviderJdbcConnectionAccess@6b0325d0] for (non-JTA) DDL execution was not in auto-commit mode; the Connection 'local transaction' will be committed and the Connection will be set into auto-commit mode.
21:33:54.095 [main] WARN  org.hibernate.engine.jdbc.spi.SqlExceptionHelper - SQL Warning Code: 0, SQLState: 00000
21:33:54.095 [main] WARN  org.hibernate.engine.jdbc.spi.SqlExceptionHelper - table "users" does not exist, skipping
21:33:54.101 [main] DEBUG org.hibernate.SQL - create table users (age integer not null, created_at timestamp(6) not null, id bigserial not null, email varchar(255) not null unique, name varchar(255) not null, primary key (id))
21:33:54.102 [main] INFO  org.hibernate.orm.connections.access - HHH10001501: Connection obtained from JdbcConnectionAccess [org.hibernate.engine.jdbc.env.internal.JdbcEnvironmentInitiator$ConnectionProviderJdbcConnectionAccess@6282f1eb] for (non-JTA) DDL execution was not in auto-commit mode; the Connection 'local transaction' will be committed and the Connection will be set into auto-commit mode.
21:33:54.151 [main] DEBUG org.hibernate.SQL - insert into users (age,created_at,email,name) values (?,?,?,?)
21:33:54.176 [main] INFO  com.example.dao.UserDaoImpl - User created successfully with id: User{id=1, name='Old', email='old@test.com', age=40, created_at=2025-11-02T21:33:54.113229500}
21:33:54.198 [main] DEBUG org.hibernate.SQL - select u1_0.id,u1_0.age,u1_0.created_at,u1_0.email,u1_0.name from users u1_0 where u1_0.id=?
21:33:54.209 [main] DEBUG org.hibernate.SQL - update users set age=?,email=?,name=? where id=?
21:33:54.212 [main] INFO  com.example.dao.UserDaoImpl - User updated successfully: User{id=1, name='New', email='new@test.com', age=41, created_at=2025-11-02T21:33:54.113229500}
21:33:54.213 [main] DEBUG org.hibernate.SQL - select u1_0.id,u1_0.age,u1_0.created_at,u1_0.email,u1_0.name from users u1_0 where u1_0.id=?
21:33:54.248 [main] DEBUG org.hibernate.SQL - drop table if exists users cascade
21:33:54.249 [main] INFO  org.hibernate.orm.connections.access - HHH10001501: Connection obtained from JdbcConnectionAccess [org.hibernate.engine.jdbc.env.internal.JdbcEnvironmentInitiator$ConnectionProviderJdbcConnectionAccess@2633d09c] for (non-JTA) DDL execution was not in auto-commit mode; the Connection 'local transaction' will be committed and the Connection will be set into auto-commit mode.
21:33:54.252 [main] INFO  org.hibernate.orm.connections.pooling - HHH10001008: Cleaning up connection pool [jdbc:postgresql://localhost:60839/testdb?loggerLevel=OFF]
]]></system-out>
  </testcase>
  <testcase name="shouldSaveAndFindUserById" classname="com.example.dao.DataAppTest" time="0.064">
    <system-out><![CDATA[21:33:54.263 [main] INFO  org.hibernate.cache.internal.RegionFactoryInitiator - HHH000026: Second-level cache disabled
21:33:54.264 [main] WARN  org.hibernate.orm.connections.pooling - HHH10001002: Using built-in connection pool (not intended for production use)
21:33:54.265 [main] INFO  org.hibernate.orm.connections.pooling - HHH10001005: Loaded JDBC driver class: org.postgresql.Driver
21:33:54.265 [main] INFO  org.hibernate.orm.connections.pooling - HHH10001012: Connecting with JDBC URL [jdbc:postgresql://localhost:60839/testdb?loggerLevel=OFF]
21:33:54.265 [main] INFO  org.hibernate.orm.connections.pooling - HHH10001001: Connection properties: {password=****, user=test}
21:33:54.265 [main] INFO  org.hibernate.orm.connections.pooling - HHH10001003: Autocommit mode: false
21:33:54.265 [main] INFO  org.hibernate.orm.connections.pooling - HHH10001115: Connection pool size: 20 (min=1)
21:33:54.277 [main] WARN  org.hibernate.orm.deprecation - HHH90000025: PostgreSQLDialect does not need to be specified explicitly using 'hibernate.dialect' (remove the property setting and it will be selected by default)
21:33:54.306 [main] INFO  org.hibernate.engine.transaction.jta.platform.internal.JtaPlatformInitiator - HHH000489: No JTA platform available (set 'hibernate.transaction.jta.platform' to enable JTA platform integration)
21:33:54.307 [main] DEBUG org.hibernate.SQL - drop table if exists users cascade
21:33:54.307 [main] INFO  org.hibernate.orm.connections.access - HHH10001501: Connection obtained from JdbcConnectionAccess [org.hibernate.engine.jdbc.env.internal.JdbcEnvironmentInitiator$ConnectionProviderJdbcConnectionAccess@4b7e4d14] for (non-JTA) DDL execution was not in auto-commit mode; the Connection 'local transaction' will be committed and the Connection will be set into auto-commit mode.
21:33:54.308 [main] WARN  org.hibernate.engine.jdbc.spi.SqlExceptionHelper - SQL Warning Code: 0, SQLState: 00000
21:33:54.308 [main] WARN  org.hibernate.engine.jdbc.spi.SqlExceptionHelper - table "users" does not exist, skipping
21:33:54.309 [main] DEBUG org.hibernate.SQL - create table users (age integer not null, created_at timestamp(6) not null, id bigserial not null, email varchar(255) not null unique, name varchar(255) not null, primary key (id))
21:33:54.309 [main] INFO  org.hibernate.orm.connections.access - HHH10001501: Connection obtained from JdbcConnectionAccess [org.hibernate.engine.jdbc.env.internal.JdbcEnvironmentInitiator$ConnectionProviderJdbcConnectionAccess@70f91ae3] for (non-JTA) DDL execution was not in auto-commit mode; the Connection 'local transaction' will be committed and the Connection will be set into auto-commit mode.
21:33:54.313 [main] DEBUG org.hibernate.SQL - insert into users (age,created_at,email,name) values (?,?,?,?)
21:33:54.316 [main] INFO  com.example.dao.UserDaoImpl - User created successfully with id: User{id=1, name='Alice', email='alice@test.com', age=30, created_at=2025-11-02T21:33:54.313401500}
21:33:54.316 [main] DEBUG org.hibernate.SQL - select u1_0.id,u1_0.age,u1_0.created_at,u1_0.email,u1_0.name from users u1_0 where u1_0.id=?
21:33:54.320 [main] DEBUG org.hibernate.SQL - drop table if exists users cascade
21:33:54.320 [main] INFO  org.hibernate.orm.connections.access - HHH10001501: Connection obtained from JdbcConnectionAccess [org.hibernate.engine.jdbc.env.internal.JdbcEnvironmentInitiator$ConnectionProviderJdbcConnectionAccess@227b9277] for (non-JTA) DDL execution was not in auto-commit mode; the Connection 'local transaction' will be committed and the Connection will be set into auto-commit mode.
21:33:54.322 [main] INFO  org.hibernate.orm.connections.pooling - HHH10001008: Cleaning up connection pool [jdbc:postgresql://localhost:60839/testdb?loggerLevel=OFF]
]]></system-out>
  </testcase>
  <testcase name="shouldFindAllUsers" classname="com.example.dao.DataAppTest" time="0.254">
    <system-out><![CDATA[21:33:54.328 [main] INFO  org.hibernate.cache.internal.RegionFactoryInitiator - HHH000026: Second-level cache disabled
21:33:54.330 [main] WARN  org.hibernate.orm.connections.pooling - HHH10001002: Using built-in connection pool (not intended for production use)
21:33:54.331 [main] INFO  org.hibernate.orm.connections.pooling - HHH10001005: Loaded JDBC driver class: org.postgresql.Driver
21:33:54.331 [main] INFO  org.hibernate.orm.connections.pooling - HHH10001012: Connecting with JDBC URL [jdbc:postgresql://localhost:60839/testdb?loggerLevel=OFF]
21:33:54.331 [main] INFO  org.hibernate.orm.connections.pooling - HHH10001001: Connection properties: {password=****, user=test}
21:33:54.331 [main] INFO  org.hibernate.orm.connections.pooling - HHH10001003: Autocommit mode: false
21:33:54.331 [main] INFO  org.hibernate.orm.connections.pooling - HHH10001115: Connection pool size: 20 (min=1)
21:33:54.343 [main] WARN  org.hibernate.orm.deprecation - HHH90000025: PostgreSQLDialect does not need to be specified explicitly using 'hibernate.dialect' (remove the property setting and it will be selected by default)
21:33:54.367 [main] INFO  org.hibernate.engine.transaction.jta.platform.internal.JtaPlatformInitiator - HHH000489: No JTA platform available (set 'hibernate.transaction.jta.platform' to enable JTA platform integration)
21:33:54.367 [main] DEBUG org.hibernate.SQL - drop table if exists users cascade
21:33:54.367 [main] INFO  org.hibernate.orm.connections.access - HHH10001501: Connection obtained from JdbcConnectionAccess [org.hibernate.engine.jdbc.env.internal.JdbcEnvironmentInitiator$ConnectionProviderJdbcConnectionAccess@3835d3fd] for (non-JTA) DDL execution was not in auto-commit mode; the Connection 'local transaction' will be committed and the Connection will be set into auto-commit mode.
21:33:54.369 [main] WARN  org.hibernate.engine.jdbc.spi.SqlExceptionHelper - SQL Warning Code: 0, SQLState: 00000
21:33:54.369 [main] WARN  org.hibernate.engine.jdbc.spi.SqlExceptionHelper - table "users" does not exist, skipping
21:33:54.369 [main] DEBUG org.hibernate.SQL - create table users (age integer not null, created_at timestamp(6) not null, id bigserial not null, email varchar(255) not null unique, name varchar(255) not null, primary key (id))
21:33:54.370 [main] INFO  org.hibernate.orm.connections.access - HHH10001501: Connection obtained from JdbcConnectionAccess [org.hibernate.engine.jdbc.env.internal.JdbcEnvironmentInitiator$ConnectionProviderJdbcConnectionAccess@2759749] for (non-JTA) DDL execution was not in auto-commit mode; the Connection 'local transaction' will be committed and the Connection will be set into auto-commit mode.
21:33:54.374 [main] DEBUG org.hibernate.SQL - insert into users (age,created_at,email,name) values (?,?,?,?)
21:33:54.376 [main] INFO  com.example.dao.UserDaoImpl - User created successfully with id: User{id=1, name='User1', email='u1@test.com', age=20, created_at=2025-11-02T21:33:54.374102}
21:33:54.377 [main] DEBUG org.hibernate.SQL - insert into users (age,created_at,email,name) values (?,?,?,?)
21:33:54.378 [main] INFO  com.example.dao.UserDaoImpl - User created successfully with id: User{id=2, name='User2', email='u2@test.com', age=25, created_at=2025-11-02T21:33:54.377264600}
21:33:54.565 [main] DEBUG org.hibernate.SQL - select u1_0.id,u1_0.age,u1_0.created_at,u1_0.email,u1_0.name from users u1_0
21:33:54.575 [main] DEBUG org.hibernate.SQL - drop table if exists users cascade
21:33:54.575 [main] INFO  org.hibernate.orm.connections.access - HHH10001501: Connection obtained from JdbcConnectionAccess [org.hibernate.engine.jdbc.env.internal.JdbcEnvironmentInitiator$ConnectionProviderJdbcConnectionAccess@4b2acb12] for (non-JTA) DDL execution was not in auto-commit mode; the Connection 'local transaction' will be committed and the Connection will be set into auto-commit mode.
21:33:54.577 [main] INFO  org.hibernate.orm.connections.pooling - HHH10001008: Cleaning up connection pool [jdbc:postgresql://localhost:60839/testdb?loggerLevel=OFF]
]]></system-out>
  </testcase>
  <testcase name="shouldReturnEmptyWhenUserNotFound" classname="com.example.dao.DataAppTest" time="0.051">
    <system-out><![CDATA[21:33:54.582 [main] INFO  org.hibernate.cache.internal.RegionFactoryInitiator - HHH000026: Second-level cache disabled
21:33:54.583 [main] WARN  org.hibernate.orm.connections.pooling - HHH10001002: Using built-in connection pool (not intended for production use)
21:33:54.584 [main] INFO  org.hibernate.orm.connections.pooling - HHH10001005: Loaded JDBC driver class: org.postgresql.Driver
21:33:54.584 [main] INFO  org.hibernate.orm.connections.pooling - HHH10001012: Connecting with JDBC URL [jdbc:postgresql://localhost:60839/testdb?loggerLevel=OFF]
21:33:54.584 [main] INFO  org.hibernate.orm.connections.pooling - HHH10001001: Connection properties: {password=****, user=test}
21:33:54.584 [main] INFO  org.hibernate.orm.connections.pooling - HHH10001003: Autocommit mode: false
21:33:54.584 [main] INFO  org.hibernate.orm.connections.pooling - HHH10001115: Connection pool size: 20 (min=1)
21:33:54.596 [main] WARN  org.hibernate.orm.deprecation - HHH90000025: PostgreSQLDialect does not need to be specified explicitly using 'hibernate.dialect' (remove the property setting and it will be selected by default)
21:33:54.619 [main] INFO  org.hibernate.engine.transaction.jta.platform.internal.JtaPlatformInitiator - HHH000489: No JTA platform available (set 'hibernate.transaction.jta.platform' to enable JTA platform integration)
21:33:54.620 [main] DEBUG org.hibernate.SQL - drop table if exists users cascade
21:33:54.620 [main] INFO  org.hibernate.orm.connections.access - HHH10001501: Connection obtained from JdbcConnectionAccess [org.hibernate.engine.jdbc.env.internal.JdbcEnvironmentInitiator$ConnectionProviderJdbcConnectionAccess@91a1005] for (non-JTA) DDL execution was not in auto-commit mode; the Connection 'local transaction' will be committed and the Connection will be set into auto-commit mode.
21:33:54.621 [main] WARN  org.hibernate.engine.jdbc.spi.SqlExceptionHelper - SQL Warning Code: 0, SQLState: 00000
21:33:54.621 [main] WARN  org.hibernate.engine.jdbc.spi.SqlExceptionHelper - table "users" does not exist, skipping
21:33:54.621 [main] DEBUG org.hibernate.SQL - create table users (age integer not null, created_at timestamp(6) not null, id bigserial not null, email varchar(255) not null unique, name varchar(255) not null, primary key (id))
21:33:54.621 [main] INFO  org.hibernate.orm.connections.access - HHH10001501: Connection obtained from JdbcConnectionAccess [org.hibernate.engine.jdbc.env.internal.JdbcEnvironmentInitiator$ConnectionProviderJdbcConnectionAccess@1885dc2b] for (non-JTA) DDL execution was not in auto-commit mode; the Connection 'local transaction' will be committed and the Connection will be set into auto-commit mode.
21:33:54.625 [main] DEBUG org.hibernate.SQL - select u1_0.id,u1_0.age,u1_0.created_at,u1_0.email,u1_0.name from users u1_0 where u1_0.id=?
21:33:54.627 [main] DEBUG org.hibernate.SQL - drop table if exists users cascade
21:33:54.627 [main] INFO  org.hibernate.orm.connections.access - HHH10001501: Connection obtained from JdbcConnectionAccess [org.hibernate.engine.jdbc.env.internal.JdbcEnvironmentInitiator$ConnectionProviderJdbcConnectionAccess@116915f1] for (non-JTA) DDL execution was not in auto-commit mode; the Connection 'local transaction' will be committed and the Connection will be set into auto-commit mode.
21:33:54.629 [main] INFO  org.hibernate.orm.connections.pooling - HHH10001008: Cleaning up connection pool [jdbc:postgresql://localhost:60839/testdb?loggerLevel=OFF]
]]></system-out>
  </testcase>
  <testcase name="shouldDeleteUser" classname="com.example.dao.DataAppTest" time="0.055">
    <system-out><![CDATA[21:33:54.633 [main] INFO  org.hibernate.cache.internal.RegionFactoryInitiator - HHH000026: Second-level cache disabled
21:33:54.634 [main] WARN  org.hibernate.orm.connections.pooling - HHH10001002: Using built-in connection pool (not intended for production use)
21:33:54.635 [main] INFO  org.hibernate.orm.connections.pooling - HHH10001005: Loaded JDBC driver class: org.postgresql.Driver
21:33:54.635 [main] INFO  org.hibernate.orm.connections.pooling - HHH10001012: Connecting with JDBC URL [jdbc:postgresql://localhost:60839/testdb?loggerLevel=OFF]
21:33:54.635 [main] INFO  org.hibernate.orm.connections.pooling - HHH10001001: Connection properties: {password=****, user=test}
21:33:54.635 [main] INFO  org.hibernate.orm.connections.pooling - HHH10001003: Autocommit mode: false
21:33:54.635 [main] INFO  org.hibernate.orm.connections.pooling - HHH10001115: Connection pool size: 20 (min=1)
21:33:54.646 [main] WARN  org.hibernate.orm.deprecation - HHH90000025: PostgreSQLDialect does not need to be specified explicitly using 'hibernate.dialect' (remove the property setting and it will be selected by default)
21:33:54.668 [main] INFO  org.hibernate.engine.transaction.jta.platform.internal.JtaPlatformInitiator - HHH000489: No JTA platform available (set 'hibernate.transaction.jta.platform' to enable JTA platform integration)
21:33:54.668 [main] DEBUG org.hibernate.SQL - drop table if exists users cascade
21:33:54.668 [main] INFO  org.hibernate.orm.connections.access - HHH10001501: Connection obtained from JdbcConnectionAccess [org.hibernate.engine.jdbc.env.internal.JdbcEnvironmentInitiator$ConnectionProviderJdbcConnectionAccess@6d92e327] for (non-JTA) DDL execution was not in auto-commit mode; the Connection 'local transaction' will be committed and the Connection will be set into auto-commit mode.
21:33:54.670 [main] WARN  org.hibernate.engine.jdbc.spi.SqlExceptionHelper - SQL Warning Code: 0, SQLState: 00000
21:33:54.670 [main] WARN  org.hibernate.engine.jdbc.spi.SqlExceptionHelper - table "users" does not exist, skipping
21:33:54.670 [main] DEBUG org.hibernate.SQL - create table users (age integer not null, created_at timestamp(6) not null, id bigserial not null, email varchar(255) not null unique, name varchar(255) not null, primary key (id))
21:33:54.671 [main] INFO  org.hibernate.orm.connections.access - HHH10001501: Connection obtained from JdbcConnectionAccess [org.hibernate.engine.jdbc.env.internal.JdbcEnvironmentInitiator$ConnectionProviderJdbcConnectionAccess@76134251] for (non-JTA) DDL execution was not in auto-commit mode; the Connection 'local transaction' will be committed and the Connection will be set into auto-commit mode.
21:33:54.674 [main] DEBUG org.hibernate.SQL - insert into users (age,created_at,email,name) values (?,?,?,?)
21:33:54.676 [main] INFO  com.example.dao.UserDaoImpl - User created successfully with id: User{id=1, name='ToDelete', email='del@test.com', age=50, created_at=2025-11-02T21:33:54.674006700}
21:33:54.676 [main] DEBUG org.hibernate.SQL - select u1_0.id,u1_0.age,u1_0.created_at,u1_0.email,u1_0.name from users u1_0 where u1_0.id=?
21:33:54.679 [main] DEBUG org.hibernate.SQL - delete from users where id=?
21:33:54.681 [main] INFO  com.example.dao.UserDaoImpl - User deleted successfully with ID: 1
21:33:54.682 [main] DEBUG org.hibernate.SQL - select u1_0.id,u1_0.age,u1_0.created_at,u1_0.email,u1_0.name from users u1_0 where u1_0.id=?
21:33:54.683 [main] DEBUG org.hibernate.SQL - drop table if exists users cascade
21:33:54.683 [main] INFO  org.hibernate.orm.connections.access - HHH10001501: Connection obtained from JdbcConnectionAccess [org.hibernate.engine.jdbc.env.internal.JdbcEnvironmentInitiator$ConnectionProviderJdbcConnectionAccess@3c20e9d6] for (non-JTA) DDL execution was not in auto-commit mode; the Connection 'local transaction' will be committed and the Connection will be set into auto-commit mode.
21:33:54.685 [main] INFO  org.hibernate.orm.connections.pooling - HHH10001008: Cleaning up connection pool [jdbc:postgresql://localhost:60839/testdb?loggerLevel=OFF]
]]></system-out>
  </testcase>
</testsuite>